<?xml version="1.0" encoding="UTF-8"?>
<!-- Generated by org.testng.reporters.JUnitReportReporter -->
<testsuite hostname="WSAMZN-HLBJ87PA" failures="0" tests="1" name="com.Framework.masterCard.Test1" time="2.777" errors="0" timestamp="2022-03-17T05:40:18 SAST" skipped="0">
  <testcase classname="com.Framework.masterCard.Test1" name="Int" time="2.777"/>
  <system-out/>
</testsuite> <!-- com.Framework.masterCard.Test1 -->
